{"C:\\Users\\tiffs\\Documents\\Projects\\task-manager-react\\src\\components\\TaskManager\\TaskFactory.js": {"path":"C:\\Users\\tiffs\\Documents\\Projects\\task-manager-react\\src\\components\\TaskManager\\TaskFactory.js","statementMap":{"0":{"start":{"line":2,"column":13},"end":{"line":2,"column":14}},"1":{"start":{"line":4,"column":27},"end":{"line":47,"column":1}},"2":{"start":{"line":14,"column":17},"end":{"line":20,"column":5}},"3":{"start":{"line":23,"column":4},"end":{"line":33,"column":5}},"4":{"start":{"line":24,"column":21},"end":{"line":24,"column":72}},"5":{"start":{"line":25,"column":19},"end":{"line":25,"column":35}},"6":{"start":{"line":27,"column":6},"end":{"line":30,"column":7}},"7":{"start":{"line":28,"column":24},"end":{"line":28,"column":41}},"8":{"start":{"line":29,"column":8},"end":{"line":29,"column":67}},"9":{"start":{"line":32,"column":6},"end":{"line":32,"column":74}},"10":{"start":{"line":35,"column":4},"end":{"line":35,"column":16}},"11":{"start":{"line":43,"column":4},"end":{"line":45,"column":5}},"12":{"start":{"line":44,"column":6},"end":{"line":44,"column":26}}},"fnMap":{"0":{"name":"(anonymous_0)","decl":{"start":{"line":13,"column":10},"end":{"line":13,"column":11}},"loc":{"start":{"line":13,"column":52},"end":{"line":36,"column":3}},"line":13},"1":{"name":"(anonymous_1)","decl":{"start":{"line":42,"column":16},"end":{"line":42,"column":17}},"loc":{"start":{"line":42,"column":32},"end":{"line":46,"column":3}},"line":42}},"branchMap":{"0":{"loc":{"start":{"line":24,"column":21},"end":{"line":24,"column":72}},"type":"binary-expr","locations":[{"start":{"line":24,"column":21},"end":{"line":24,"column":66}},{"start":{"line":24,"column":70},"end":{"line":24,"column":72}}],"line":24},"1":{"loc":{"start":{"line":27,"column":6},"end":{"line":30,"column":7}},"type":"if","locations":[{"start":{"line":27,"column":6},"end":{"line":30,"column":7}},{"start":{},"end":{}}],"line":27},"2":{"loc":{"start":{"line":27,"column":10},"end":{"line":27,"column":40}},"type":"binary-expr","locations":[{"start":{"line":27,"column":10},"end":{"line":27,"column":14}},{"start":{"line":27,"column":18},"end":{"line":27,"column":40}}],"line":27},"3":{"loc":{"start":{"line":43,"column":4},"end":{"line":45,"column":5}},"type":"if","locations":[{"start":{"line":43,"column":4},"end":{"line":45,"column":5}},{"start":{},"end":{}}],"line":43},"4":{"loc":{"start":{"line":43,"column":8},"end":{"line":43,"column":62}},"type":"binary-expr","locations":[{"start":{"line":43,"column":8},"end":{"line":43,"column":38}},{"start":{"line":43,"column":42},"end":{"line":43,"column":62}}],"line":43}},"s":{"0":3,"1":3,"2":13,"3":13,"4":13,"5":13,"6":13,"7":13,"8":13,"9":0,"10":13,"11":2,"12":2},"f":{"0":13,"1":2},"b":{"0":[13,4],"1":[13,0],"2":[13,13],"3":[2,0],"4":[2,2]},"_coverageSchema":"1a1c01bbd47fc00a2c39e90264f33305004495a9","hash":"c5a05a3c7e1809988ccc9622fbde8e1e4cb2a333"}
,"C:\\Users\\tiffs\\Documents\\Projects\\task-manager-react\\src\\components\\TaskManager\\TaskManager.js": {"path":"C:\\Users\\tiffs\\Documents\\Projects\\task-manager-react\\src\\components\\TaskManager\\TaskManager.js","statementMap":{"0":{"start":{"line":6,"column":20},"end":{"line":551,"column":1}},"1":{"start":{"line":7,"column":28},"end":{"line":7,"column":40}},"2":{"start":{"line":8,"column":36},"end":{"line":10,"column":4}},"3":{"start":{"line":9,"column":4},"end":{"line":9,"column":63}},"4":{"start":{"line":11,"column":40},"end":{"line":11,"column":54}},"5":{"start":{"line":12,"column":44},"end":{"line":12,"column":59}},"6":{"start":{"line":13,"column":48},"end":{"line":13,"column":63}},"7":{"start":{"line":14,"column":36},"end":{"line":14,"column":48}},"8":{"start":{"line":15,"column":50},"end":{"line":15,"column":65}},"9":{"start":{"line":16,"column":44},"end":{"line":16,"column":56}},"10":{"start":{"line":17,"column":32},"end":{"line":21,"column":4}},"11":{"start":{"line":22,"column":40},"end":{"line":22,"column":54}},"12":{"start":{"line":25,"column":2},"end":{"line":51,"column":9}},"13":{"start":{"line":26,"column":23},"end":{"line":26,"column":70}},"14":{"start":{"line":28,"column":4},"end":{"line":43,"column":5}},"15":{"start":{"line":29,"column":6},"end":{"line":29,"column":27}},"16":{"start":{"line":32,"column":20},"end":{"line":32,"column":84}},"17":{"start":{"line":32,"column":53},"end":{"line":32,"column":80}},"18":{"start":{"line":33,"column":6},"end":{"line":33,"column":42}},"19":{"start":{"line":36,"column":27},"end":{"line":40,"column":7}},"20":{"start":{"line":41,"column":6},"end":{"line":41,"column":29}},"21":{"start":{"line":42,"column":6},"end":{"line":42,"column":66}},"22":{"start":{"line":46,"column":4},"end":{"line":46,"column":79}},"23":{"start":{"line":48,"column":4},"end":{"line":50,"column":7}},"24":{"start":{"line":49,"column":6},"end":{"line":49,"column":66}},"25":{"start":{"line":54,"column":22},"end":{"line":58,"column":3}},"26":{"start":{"line":55,"column":4},"end":{"line":55,"column":23}},"27":{"start":{"line":56,"column":4},"end":{"line":56,"column":60}},"28":{"start":{"line":57,"column":4},"end":{"line":57,"column":34}},"29":{"start":{"line":61,"column":23},"end":{"line":69,"column":3}},"30":{"start":{"line":62,"column":4},"end":{"line":62,"column":22}},"31":{"start":{"line":62,"column":15},"end":{"line":62,"column":22}},"32":{"start":{"line":63,"column":20},"end":{"line":63,"column":31}},"33":{"start":{"line":64,"column":4},"end":{"line":68,"column":5}},"34":{"start":{"line":65,"column":22},"end":{"line":65,"column":45}},"35":{"start":{"line":66,"column":6},"end":{"line":66,"column":28}},"36":{"start":{"line":67,"column":6},"end":{"line":67,"column":65}},"37":{"start":{"line":72,"column":26},"end":{"line":75,"column":3}},"38":{"start":{"line":73,"column":4},"end":{"line":73,"column":46}},"39":{"start":{"line":74,"column":4},"end":{"line":74,"column":25}},"40":{"start":{"line":78,"column":21},"end":{"line":91,"column":3}},"41":{"start":{"line":79,"column":4},"end":{"line":79,"column":23}},"42":{"start":{"line":80,"column":19},"end":{"line":80,"column":51}},"43":{"start":{"line":81,"column":4},"end":{"line":81,"column":40}},"44":{"start":{"line":81,"column":33},"end":{"line":81,"column":40}},"45":{"start":{"line":83,"column":25},"end":{"line":87,"column":5}},"46":{"start":{"line":84,"column":6},"end":{"line":86,"column":14}},"47":{"start":{"line":89,"column":4},"end":{"line":89,"column":30}},"48":{"start":{"line":90,"column":4},"end":{"line":90,"column":25}},"49":{"start":{"line":94,"column":27},"end":{"line":96,"column":3}},"50":{"start":{"line":95,"column":4},"end":{"line":95,"column":25}},"51":{"start":{"line":99,"column":26},"end":{"line":101,"column":3}},"52":{"start":{"line":100,"column":4},"end":{"line":100,"column":23}},"53":{"start":{"line":104,"column":25},"end":{"line":122,"column":3}},"54":{"start":{"line":105,"column":4},"end":{"line":105,"column":29}},"55":{"start":{"line":105,"column":22},"end":{"line":105,"column":29}},"56":{"start":{"line":107,"column":18},"end":{"line":107,"column":37}},"57":{"start":{"line":108,"column":23},"end":{"line":108,"column":78}},"58":{"start":{"line":110,"column":19},"end":{"line":110,"column":54}},"59":{"start":{"line":111,"column":22},"end":{"line":111,"column":62}},"60":{"start":{"line":113,"column":4},"end":{"line":119,"column":5}},"61":{"start":{"line":114,"column":27},"end":{"line":116,"column":7}},"62":{"start":{"line":115,"column":8},"end":{"line":115,"column":74}},"63":{"start":{"line":118,"column":6},"end":{"line":118,"column":32}},"64":{"start":{"line":121,"column":4},"end":{"line":121,"column":25}},"65":{"start":{"line":125,"column":27},"end":{"line":187,"column":3}},"66":{"start":{"line":126,"column":4},"end":{"line":186,"column":5}},"67":{"start":{"line":127,"column":21},"end":{"line":127,"column":42}},"68":{"start":{"line":130,"column":6},"end":{"line":137,"column":7}},"69":{"start":{"line":131,"column":8},"end":{"line":135,"column":10}},"70":{"start":{"line":136,"column":8},"end":{"line":136,"column":15}},"71":{"start":{"line":140,"column":26},"end":{"line":141,"column":90}},"72":{"start":{"line":141,"column":8},"end":{"line":141,"column":90}},"73":{"start":{"line":143,"column":23},"end":{"line":143,"column":48}},"74":{"start":{"line":145,"column":6},"end":{"line":152,"column":7}},"75":{"start":{"line":146,"column":8},"end":{"line":150,"column":10}},"76":{"start":{"line":151,"column":8},"end":{"line":151,"column":15}},"77":{"start":{"line":155,"column":27},"end":{"line":162,"column":7}},"78":{"start":{"line":156,"column":8},"end":{"line":161,"column":9}},"79":{"start":{"line":165,"column":32},"end":{"line":167,"column":62}},"80":{"start":{"line":166,"column":20},"end":{"line":166,"column":38}},"81":{"start":{"line":167,"column":26},"end":{"line":167,"column":61}},"82":{"start":{"line":169,"column":6},"end":{"line":173,"column":7}},"83":{"start":{"line":170,"column":33},"end":{"line":170,"column":69}},"84":{"start":{"line":171,"column":8},"end":{"line":171,"column":39}},"85":{"start":{"line":172,"column":8},"end":{"line":172,"column":76}},"86":{"start":{"line":176,"column":26},"end":{"line":176,"column":53}},"87":{"start":{"line":177,"column":6},"end":{"line":177,"column":31}},"88":{"start":{"line":178,"column":6},"end":{"line":178,"column":32}},"89":{"start":{"line":179,"column":6},"end":{"line":179,"column":23}},"90":{"start":{"line":182,"column":6},"end":{"line":185,"column":8}},"91":{"start":{"line":190,"column":27},"end":{"line":196,"column":3}},"92":{"start":{"line":191,"column":25},"end":{"line":193,"column":5}},"93":{"start":{"line":192,"column":6},"end":{"line":192,"column":53}},"94":{"start":{"line":194,"column":4},"end":{"line":194,"column":30}},"95":{"start":{"line":195,"column":4},"end":{"line":195,"column":25}},"96":{"start":{"line":199,"column":2},"end":{"line":550,"column":4}},"97":{"start":{"line":214,"column":20},"end":{"line":214,"column":39}},"98":{"start":{"line":215,"column":20},"end":{"line":215,"column":45}},"99":{"start":{"line":229,"column":10},"end":{"line":266,"column":16}},"100":{"start":{"line":232,"column":31},"end":{"line":232,"column":49}},"101":{"start":{"line":233,"column":27},"end":{"line":233,"column":48}},"102":{"start":{"line":237,"column":32},"end":{"line":237,"column":54}},"103":{"start":{"line":239,"column":16},"end":{"line":254,"column":22}},"104":{"start":{"line":243,"column":38},"end":{"line":243,"column":62}},"105":{"start":{"line":244,"column":39},"end":{"line":244,"column":64}},"106":{"start":{"line":247,"column":33},"end":{"line":247,"column":53}},"107":{"start":{"line":259,"column":18},"end":{"line":259,"column":43}},"108":{"start":{"line":260,"column":18},"end":{"line":260,"column":44}},"109":{"start":{"line":293,"column":35},"end":{"line":293,"column":60}},"110":{"start":{"line":308,"column":39},"end":{"line":308,"column":67}},"111":{"start":{"line":324,"column":35},"end":{"line":324,"column":60}},"112":{"start":{"line":360,"column":35},"end":{"line":360,"column":61}},"113":{"start":{"line":374,"column":24},"end":{"line":374,"column":73}},"114":{"start":{"line":387,"column":24},"end":{"line":387,"column":79}},"115":{"start":{"line":399,"column":39},"end":{"line":399,"column":91}},"116":{"start":{"line":403,"column":24},"end":{"line":403,"column":59}},"117":{"start":{"line":414,"column":42},"end":{"line":419,"column":23}},"118":{"start":{"line":420,"column":22},"end":{"line":420,"column":59}},"119":{"start":{"line":421,"column":22},"end":{"line":421,"column":53}},"120":{"start":{"line":423,"column":22},"end":{"line":423,"column":49}},"121":{"start":{"line":424,"column":22},"end":{"line":424,"column":79}},"122":{"start":{"line":431,"column":35},"end":{"line":431,"column":61}},"123":{"start":{"line":461,"column":35},"end":{"line":461,"column":55}},"124":{"start":{"line":474,"column":24},"end":{"line":474,"column":81}},"125":{"start":{"line":485,"column":24},"end":{"line":485,"column":87}},"126":{"start":{"line":498,"column":24},"end":{"line":498,"column":84}},"127":{"start":{"line":503,"column":24},"end":{"line":503,"column":59}},"128":{"start":{"line":514,"column":24},"end":{"line":514,"column":82}},"129":{"start":{"line":529,"column":22},"end":{"line":529,"column":52}},"130":{"start":{"line":530,"column":22},"end":{"line":530,"column":57}},"131":{"start":{"line":537,"column":35},"end":{"line":537,"column":55}}},"fnMap":{"0":{"name":"(anonymous_0)","decl":{"start":{"line":6,"column":20},"end":{"line":6,"column":21}},"loc":{"start":{"line":6,"column":26},"end":{"line":551,"column":1}},"line":6},"1":{"name":"(anonymous_1)","decl":{"start":{"line":8,"column":45},"end":{"line":8,"column":46}},"loc":{"start":{"line":8,"column":51},"end":{"line":10,"column":3}},"line":8},"2":{"name":"(anonymous_2)","decl":{"start":{"line":25,"column":12},"end":{"line":25,"column":13}},"loc":{"start":{"line":25,"column":18},"end":{"line":51,"column":3}},"line":25},"3":{"name":"(anonymous_3)","decl":{"start":{"line":32,"column":38},"end":{"line":32,"column":39}},"loc":{"start":{"line":32,"column":53},"end":{"line":32,"column":80}},"line":32},"4":{"name":"(anonymous_4)","decl":{"start":{"line":48,"column":27},"end":{"line":48,"column":28}},"loc":{"start":{"line":48,"column":45},"end":{"line":50,"column":5}},"line":48},"5":{"name":"(anonymous_5)","decl":{"start":{"line":54,"column":22},"end":{"line":54,"column":23}},"loc":{"start":{"line":54,"column":36},"end":{"line":58,"column":3}},"line":54},"6":{"name":"(anonymous_6)","decl":{"start":{"line":61,"column":23},"end":{"line":61,"column":24}},"loc":{"start":{"line":61,"column":33},"end":{"line":69,"column":3}},"line":61},"7":{"name":"(anonymous_7)","decl":{"start":{"line":72,"column":26},"end":{"line":72,"column":27}},"loc":{"start":{"line":72,"column":39},"end":{"line":75,"column":3}},"line":72},"8":{"name":"(anonymous_8)","decl":{"start":{"line":78,"column":21},"end":{"line":78,"column":22}},"loc":{"start":{"line":78,"column":39},"end":{"line":91,"column":3}},"line":78},"9":{"name":"(anonymous_9)","decl":{"start":{"line":83,"column":35},"end":{"line":83,"column":36}},"loc":{"start":{"line":84,"column":6},"end":{"line":86,"column":14}},"line":84},"10":{"name":"(anonymous_10)","decl":{"start":{"line":94,"column":27},"end":{"line":94,"column":28}},"loc":{"start":{"line":94,"column":40},"end":{"line":96,"column":3}},"line":94},"11":{"name":"(anonymous_11)","decl":{"start":{"line":99,"column":26},"end":{"line":99,"column":27}},"loc":{"start":{"line":99,"column":33},"end":{"line":101,"column":3}},"line":99},"12":{"name":"(anonymous_12)","decl":{"start":{"line":104,"column":25},"end":{"line":104,"column":26}},"loc":{"start":{"line":104,"column":32},"end":{"line":122,"column":3}},"line":104},"13":{"name":"(anonymous_13)","decl":{"start":{"line":114,"column":37},"end":{"line":114,"column":38}},"loc":{"start":{"line":115,"column":8},"end":{"line":115,"column":74}},"line":115},"14":{"name":"(anonymous_14)","decl":{"start":{"line":125,"column":27},"end":{"line":125,"column":28}},"loc":{"start":{"line":125,"column":33},"end":{"line":187,"column":3}},"line":125},"15":{"name":"(anonymous_15)","decl":{"start":{"line":140,"column":26},"end":{"line":140,"column":27}},"loc":{"start":{"line":141,"column":8},"end":{"line":141,"column":90}},"line":141},"16":{"name":"(anonymous_16)","decl":{"start":{"line":155,"column":38},"end":{"line":155,"column":39}},"loc":{"start":{"line":156,"column":8},"end":{"line":161,"column":9}},"line":156},"17":{"name":"(anonymous_17)","decl":{"start":{"line":166,"column":13},"end":{"line":166,"column":14}},"loc":{"start":{"line":166,"column":20},"end":{"line":166,"column":38}},"line":166},"18":{"name":"(anonymous_18)","decl":{"start":{"line":167,"column":16},"end":{"line":167,"column":17}},"loc":{"start":{"line":167,"column":26},"end":{"line":167,"column":61}},"line":167},"19":{"name":"(anonymous_19)","decl":{"start":{"line":190,"column":27},"end":{"line":190,"column":28}},"loc":{"start":{"line":190,"column":44},"end":{"line":196,"column":3}},"line":190},"20":{"name":"(anonymous_20)","decl":{"start":{"line":191,"column":35},"end":{"line":191,"column":36}},"loc":{"start":{"line":192,"column":6},"end":{"line":192,"column":53}},"line":192},"21":{"name":"(anonymous_21)","decl":{"start":{"line":213,"column":27},"end":{"line":213,"column":28}},"loc":{"start":{"line":213,"column":34},"end":{"line":216,"column":19}},"line":213},"22":{"name":"(anonymous_22)","decl":{"start":{"line":228,"column":46},"end":{"line":228,"column":47}},"loc":{"start":{"line":229,"column":10},"end":{"line":266,"column":16}},"line":229},"23":{"name":"(anonymous_23)","decl":{"start":{"line":232,"column":24},"end":{"line":232,"column":25}},"loc":{"start":{"line":232,"column":31},"end":{"line":232,"column":49}},"line":232},"24":{"name":"(anonymous_24)","decl":{"start":{"line":233,"column":20},"end":{"line":233,"column":21}},"loc":{"start":{"line":233,"column":27},"end":{"line":233,"column":48}},"line":233},"25":{"name":"(anonymous_25)","decl":{"start":{"line":237,"column":22},"end":{"line":237,"column":23}},"loc":{"start":{"line":237,"column":32},"end":{"line":237,"column":54}},"line":237},"26":{"name":"(anonymous_26)","decl":{"start":{"line":238,"column":19},"end":{"line":238,"column":20}},"loc":{"start":{"line":239,"column":16},"end":{"line":254,"column":22}},"line":239},"27":{"name":"(anonymous_27)","decl":{"start":{"line":243,"column":31},"end":{"line":243,"column":32}},"loc":{"start":{"line":243,"column":38},"end":{"line":243,"column":62}},"line":243},"28":{"name":"(anonymous_28)","decl":{"start":{"line":244,"column":32},"end":{"line":244,"column":33}},"loc":{"start":{"line":244,"column":39},"end":{"line":244,"column":64}},"line":244},"29":{"name":"(anonymous_29)","decl":{"start":{"line":247,"column":27},"end":{"line":247,"column":28}},"loc":{"start":{"line":247,"column":33},"end":{"line":247,"column":53}},"line":247},"30":{"name":"(anonymous_30)","decl":{"start":{"line":258,"column":25},"end":{"line":258,"column":26}},"loc":{"start":{"line":258,"column":31},"end":{"line":261,"column":17}},"line":258},"31":{"name":"(anonymous_31)","decl":{"start":{"line":293,"column":29},"end":{"line":293,"column":30}},"loc":{"start":{"line":293,"column":35},"end":{"line":293,"column":60}},"line":293},"32":{"name":"(anonymous_32)","decl":{"start":{"line":308,"column":32},"end":{"line":308,"column":33}},"loc":{"start":{"line":308,"column":39},"end":{"line":308,"column":67}},"line":308},"33":{"name":"(anonymous_33)","decl":{"start":{"line":324,"column":29},"end":{"line":324,"column":30}},"loc":{"start":{"line":324,"column":35},"end":{"line":324,"column":60}},"line":324},"34":{"name":"(anonymous_34)","decl":{"start":{"line":360,"column":29},"end":{"line":360,"column":30}},"loc":{"start":{"line":360,"column":35},"end":{"line":360,"column":61}},"line":360},"35":{"name":"(anonymous_35)","decl":{"start":{"line":373,"column":32},"end":{"line":373,"column":33}},"loc":{"start":{"line":374,"column":24},"end":{"line":374,"column":73}},"line":374},"36":{"name":"(anonymous_36)","decl":{"start":{"line":386,"column":32},"end":{"line":386,"column":33}},"loc":{"start":{"line":387,"column":24},"end":{"line":387,"column":79}},"line":387},"37":{"name":"(anonymous_37)","decl":{"start":{"line":399,"column":32},"end":{"line":399,"column":33}},"loc":{"start":{"line":399,"column":39},"end":{"line":399,"column":91}},"line":399},"38":{"name":"(anonymous_38)","decl":{"start":{"line":402,"column":37},"end":{"line":402,"column":38}},"loc":{"start":{"line":403,"column":24},"end":{"line":403,"column":59}},"line":403},"39":{"name":"(anonymous_39)","decl":{"start":{"line":413,"column":29},"end":{"line":413,"column":30}},"loc":{"start":{"line":413,"column":35},"end":{"line":425,"column":21}},"line":413},"40":{"name":"(anonymous_40)","decl":{"start":{"line":431,"column":29},"end":{"line":431,"column":30}},"loc":{"start":{"line":431,"column":35},"end":{"line":431,"column":61}},"line":431},"41":{"name":"(anonymous_41)","decl":{"start":{"line":461,"column":29},"end":{"line":461,"column":30}},"loc":{"start":{"line":461,"column":35},"end":{"line":461,"column":55}},"line":461},"42":{"name":"(anonymous_42)","decl":{"start":{"line":473,"column":32},"end":{"line":473,"column":33}},"loc":{"start":{"line":474,"column":24},"end":{"line":474,"column":81}},"line":474},"43":{"name":"(anonymous_43)","decl":{"start":{"line":484,"column":32},"end":{"line":484,"column":33}},"loc":{"start":{"line":485,"column":24},"end":{"line":485,"column":87}},"line":485},"44":{"name":"(anonymous_44)","decl":{"start":{"line":497,"column":32},"end":{"line":497,"column":33}},"loc":{"start":{"line":498,"column":24},"end":{"line":498,"column":84}},"line":498},"45":{"name":"(anonymous_45)","decl":{"start":{"line":502,"column":37},"end":{"line":502,"column":38}},"loc":{"start":{"line":503,"column":24},"end":{"line":503,"column":59}},"line":503},"46":{"name":"(anonymous_46)","decl":{"start":{"line":513,"column":32},"end":{"line":513,"column":33}},"loc":{"start":{"line":514,"column":24},"end":{"line":514,"column":82}},"line":514},"47":{"name":"(anonymous_47)","decl":{"start":{"line":528,"column":29},"end":{"line":528,"column":30}},"loc":{"start":{"line":528,"column":35},"end":{"line":531,"column":21}},"line":528},"48":{"name":"(anonymous_48)","decl":{"start":{"line":537,"column":29},"end":{"line":537,"column":30}},"loc":{"start":{"line":537,"column":35},"end":{"line":537,"column":55}},"line":537}},"branchMap":{"0":{"loc":{"start":{"line":9,"column":11},"end":{"line":9,"column":62}},"type":"binary-expr","locations":[{"start":{"line":9,"column":11},"end":{"line":9,"column":56}},{"start":{"line":9,"column":60},"end":{"line":9,"column":62}}],"line":9},"1":{"loc":{"start":{"line":26,"column":23},"end":{"line":26,"column":70}},"type":"binary-expr","locations":[{"start":{"line":26,"column":23},"end":{"line":26,"column":64}},{"start":{"line":26,"column":68},"end":{"line":26,"column":70}}],"line":26},"2":{"loc":{"start":{"line":28,"column":4},"end":{"line":43,"column":5}},"type":"if","locations":[{"start":{"line":28,"column":4},"end":{"line":43,"column":5}},{"start":{"line":34,"column":11},"end":{"line":43,"column":5}}],"line":28},"3":{"loc":{"start":{"line":32,"column":67},"end":{"line":32,"column":79}},"type":"binary-expr","locations":[{"start":{"line":32,"column":67},"end":{"line":32,"column":74}},{"start":{"line":32,"column":78},"end":{"line":32,"column":79}}],"line":32},"4":{"loc":{"start":{"line":46,"column":21},"end":{"line":46,"column":77}},"type":"binary-expr","locations":[{"start":{"line":46,"column":21},"end":{"line":46,"column":45}},{"start":{"line":46,"column":49},"end":{"line":46,"column":77}}],"line":46},"5":{"loc":{"start":{"line":62,"column":4},"end":{"line":62,"column":22}},"type":"if","locations":[{"start":{"line":62,"column":4},"end":{"line":62,"column":22}},{"start":{},"end":{}}],"line":62},"6":{"loc":{"start":{"line":64,"column":4},"end":{"line":68,"column":5}},"type":"if","locations":[{"start":{"line":64,"column":4},"end":{"line":68,"column":5}},{"start":{},"end":{}}],"line":64},"7":{"loc":{"start":{"line":64,"column":8},"end":{"line":64,"column":47}},"type":"binary-expr","locations":[{"start":{"line":64,"column":8},"end":{"line":64,"column":15}},{"start":{"line":64,"column":19},"end":{"line":64,"column":47}}],"line":64},"8":{"loc":{"start":{"line":81,"column":4},"end":{"line":81,"column":40}},"type":"if","locations":[{"start":{"line":81,"column":4},"end":{"line":81,"column":40}},{"start":{},"end":{}}],"line":81},"9":{"loc":{"start":{"line":81,"column":8},"end":{"line":81,"column":31}},"type":"binary-expr","locations":[{"start":{"line":81,"column":8},"end":{"line":81,"column":15}},{"start":{"line":81,"column":19},"end":{"line":81,"column":31}}],"line":81},"10":{"loc":{"start":{"line":84,"column":6},"end":{"line":86,"column":14}},"type":"cond-expr","locations":[{"start":{"line":85,"column":10},"end":{"line":85,"column":40}},{"start":{"line":86,"column":10},"end":{"line":86,"column":14}}],"line":84},"11":{"loc":{"start":{"line":84,"column":30},"end":{"line":84,"column":54}},"type":"binary-expr","locations":[{"start":{"line":84,"column":30},"end":{"line":84,"column":36}},{"start":{"line":84,"column":40},"end":{"line":84,"column":54}}],"line":84},"12":{"loc":{"start":{"line":105,"column":4},"end":{"line":105,"column":29}},"type":"if","locations":[{"start":{"line":105,"column":4},"end":{"line":105,"column":29}},{"start":{},"end":{}}],"line":105},"13":{"loc":{"start":{"line":113,"column":4},"end":{"line":119,"column":5}},"type":"if","locations":[{"start":{"line":113,"column":4},"end":{"line":119,"column":5}},{"start":{},"end":{}}],"line":113},"14":{"loc":{"start":{"line":113,"column":8},"end":{"line":113,"column":73}},"type":"binary-expr","locations":[{"start":{"line":113,"column":8},"end":{"line":113,"column":17}},{"start":{"line":113,"column":21},"end":{"line":113,"column":73}}],"line":113},"15":{"loc":{"start":{"line":115,"column":8},"end":{"line":115,"column":74}},"type":"cond-expr","locations":[{"start":{"line":115,"column":37},"end":{"line":115,"column":67}},{"start":{"line":115,"column":70},"end":{"line":115,"column":74}}],"line":115},"16":{"loc":{"start":{"line":130,"column":6},"end":{"line":137,"column":7}},"type":"if","locations":[{"start":{"line":130,"column":6},"end":{"line":137,"column":7}},{"start":{},"end":{}}],"line":130},"17":{"loc":{"start":{"line":141,"column":8},"end":{"line":141,"column":90}},"type":"binary-expr","locations":[{"start":{"line":141,"column":8},"end":{"line":141,"column":23}},{"start":{"line":141,"column":27},"end":{"line":141,"column":48}},{"start":{"line":141,"column":52},"end":{"line":141,"column":68}},{"start":{"line":141,"column":72},"end":{"line":141,"column":90}}],"line":141},"18":{"loc":{"start":{"line":145,"column":6},"end":{"line":152,"column":7}},"type":"if","locations":[{"start":{"line":145,"column":6},"end":{"line":152,"column":7}},{"start":{},"end":{}}],"line":145},"19":{"loc":{"start":{"line":167,"column":26},"end":{"line":167,"column":61}},"type":"binary-expr","locations":[{"start":{"line":167,"column":26},"end":{"line":167,"column":32}},{"start":{"line":167,"column":36},"end":{"line":167,"column":61}}],"line":167},"20":{"loc":{"start":{"line":169,"column":6},"end":{"line":173,"column":7}},"type":"if","locations":[{"start":{"line":169,"column":6},"end":{"line":173,"column":7}},{"start":{},"end":{}}],"line":169},"21":{"loc":{"start":{"line":192,"column":6},"end":{"line":192,"column":53}},"type":"cond-expr","locations":[{"start":{"line":192,"column":35},"end":{"line":192,"column":46}},{"start":{"line":192,"column":49},"end":{"line":192,"column":53}}],"line":192},"22":{"loc":{"start":{"line":271,"column":7},"end":{"line":334,"column":7}},"type":"binary-expr","locations":[{"start":{"line":271,"column":7},"end":{"line":271,"column":22}},{"start":{"line":272,"column":8},"end":{"line":333,"column":11}}],"line":271},"23":{"loc":{"start":{"line":338,"column":7},"end":{"line":441,"column":7}},"type":"binary-expr","locations":[{"start":{"line":338,"column":7},"end":{"line":338,"column":23}},{"start":{"line":339,"column":8},"end":{"line":440,"column":11}}],"line":338},"24":{"loc":{"start":{"line":444,"column":7},"end":{"line":547,"column":7}},"type":"binary-expr","locations":[{"start":{"line":444,"column":7},"end":{"line":444,"column":18}},{"start":{"line":445,"column":8},"end":{"line":546,"column":11}}],"line":444}},"s":{"0":3,"1":21,"2":21,"3":6,"4":21,"5":21,"6":21,"7":21,"8":21,"9":21,"10":21,"11":21,"12":21,"13":6,"14":6,"15":2,"16":2,"17":2,"18":2,"19":4,"20":4,"21":4,"22":6,"23":6,"24":4,"25":21,"26":1,"27":1,"28":1,"29":21,"30":0,"31":0,"32":0,"33":0,"34":0,"35":0,"36":0,"37":21,"38":0,"39":0,"40":21,"41":0,"42":0,"43":0,"44":0,"45":0,"46":0,"47":0,"48":0,"49":21,"50":0,"51":21,"52":0,"53":21,"54":0,"55":0,"56":0,"57":0,"58":0,"59":0,"60":0,"61":0,"62":0,"63":0,"64":0,"65":21,"66":4,"67":4,"68":3,"69":1,"70":1,"71":2,"72":2,"73":2,"74":2,"75":1,"76":1,"77":1,"78":1,"79":1,"80":1,"81":1,"82":1,"83":1,"84":1,"85":1,"86":1,"87":1,"88":1,"89":1,"90":1,"91":21,"92":0,"93":0,"94":0,"95":0,"96":21,"97":4,"98":4,"99":63,"100":0,"101":0,"102":126,"103":42,"104":0,"105":0,"106":0,"107":0,"108":0,"109":0,"110":4,"111":0,"112":0,"113":0,"114":0,"115":0,"116":0,"117":0,"118":0,"119":0,"120":0,"121":0,"122":0,"123":0,"124":0,"125":0,"126":0,"127":0,"128":0,"129":0,"130":0,"131":0},"f":{"0":21,"1":6,"2":6,"3":2,"4":4,"5":1,"6":0,"7":0,"8":0,"9":0,"10":0,"11":0,"12":0,"13":0,"14":4,"15":2,"16":1,"17":1,"18":1,"19":0,"20":0,"21":4,"22":63,"23":0,"24":0,"25":126,"26":42,"27":0,"28":0,"29":0,"30":0,"31":0,"32":4,"33":0,"34":0,"35":0,"36":0,"37":0,"38":0,"39":0,"40":0,"41":0,"42":0,"43":0,"44":0,"45":0,"46":0,"47":0,"48":0},"b":{"0":[6,6],"1":[6,4],"2":[2,4],"3":[2,0],"4":[6,6],"5":[0,0],"6":[0,0],"7":[0,0],"8":[0,0],"9":[0,0],"10":[0,0],"11":[0,0],"12":[0,0],"13":[0,0],"14":[0,0],"15":[0,0],"16":[1,2],"17":[2,2,2,1],"18":[1,1],"19":[1,1],"20":[1,0],"21":[0,0],"22":[21,8],"23":[21,0],"24":[21,0]},"_coverageSchema":"1a1c01bbd47fc00a2c39e90264f33305004495a9","hash":"a592eee08c97973b2bf9aec433c0d30b4da1bfa2"}
,"C:\\Users\\tiffs\\Documents\\Projects\\task-manager-react\\src\\components\\TaskManager\\TaskObserver.js": {"path":"C:\\Users\\tiffs\\Documents\\Projects\\task-manager-react\\src\\components\\TaskManager\\TaskObserver.js","statementMap":{"0":{"start":{"line":4,"column":4},"end":{"line":4,"column":26}},"1":{"start":{"line":8,"column":4},"end":{"line":8,"column":36}},"2":{"start":{"line":12,"column":4},"end":{"line":12,"column":60}},"3":{"start":{"line":12,"column":43},"end":{"line":12,"column":58}},"4":{"start":{"line":16,"column":28},"end":{"line":16,"column":46}}},"fnMap":{"0":{"name":"(anonymous_0)","decl":{"start":{"line":3,"column":2},"end":{"line":3,"column":3}},"loc":{"start":{"line":3,"column":16},"end":{"line":5,"column":3}},"line":3},"1":{"name":"(anonymous_1)","decl":{"start":{"line":7,"column":2},"end":{"line":7,"column":3}},"loc":{"start":{"line":7,"column":22},"end":{"line":9,"column":3}},"line":7},"2":{"name":"(anonymous_2)","decl":{"start":{"line":11,"column":2},"end":{"line":11,"column":3}},"loc":{"start":{"line":11,"column":16},"end":{"line":13,"column":3}},"line":11},"3":{"name":"(anonymous_3)","decl":{"start":{"line":12,"column":29},"end":{"line":12,"column":30}},"loc":{"start":{"line":12,"column":43},"end":{"line":12,"column":58}},"line":12}},"branchMap":{},"s":{"0":3,"1":6,"2":1,"3":4,"4":3},"f":{"0":3,"1":6,"2":1,"3":4},"b":{},"_coverageSchema":"1a1c01bbd47fc00a2c39e90264f33305004495a9","hash":"c516095b6fa9b95593c2567c577aabbcc8285a1b"}
}
