TN:
SF:src\components\TaskManager\TaskFactory.js
FN:13,(anonymous_0)
FN:42,(anonymous_1)
FNF:2
FNH:2
FNDA:13,(anonymous_0)
FNDA:2,(anonymous_1)
DA:2,3
DA:4,3
DA:14,13
DA:23,13
DA:24,13
DA:25,13
DA:27,13
DA:28,13
DA:29,13
DA:32,0
DA:35,13
DA:43,2
DA:44,2
LF:13
LH:12
BRDA:24,0,0,13
BRDA:24,0,1,4
BRDA:27,1,0,13
BRDA:27,1,1,0
BRDA:27,2,0,13
BRDA:27,2,1,13
BRDA:43,3,0,2
BRDA:43,3,1,0
BRDA:43,4,0,2
BRDA:43,4,1,2
BRF:10
BRH:8
end_of_record
TN:
SF:src\components\TaskManager\TaskManager.js
FN:6,(anonymous_0)
FN:8,(anonymous_1)
FN:25,(anonymous_2)
FN:32,(anonymous_3)
FN:48,(anonymous_4)
FN:54,(anonymous_5)
FN:61,(anonymous_6)
FN:72,(anonymous_7)
FN:78,(anonymous_8)
FN:83,(anonymous_9)
FN:94,(anonymous_10)
FN:99,(anonymous_11)
FN:104,(anonymous_12)
FN:114,(anonymous_13)
FN:125,(anonymous_14)
FN:140,(anonymous_15)
FN:155,(anonymous_16)
FN:166,(anonymous_17)
FN:167,(anonymous_18)
FN:190,(anonymous_19)
FN:191,(anonymous_20)
FN:213,(anonymous_21)
FN:228,(anonymous_22)
FN:232,(anonymous_23)
FN:233,(anonymous_24)
FN:237,(anonymous_25)
FN:238,(anonymous_26)
FN:243,(anonymous_27)
FN:244,(anonymous_28)
FN:247,(anonymous_29)
FN:258,(anonymous_30)
FN:293,(anonymous_31)
FN:308,(anonymous_32)
FN:324,(anonymous_33)
FN:360,(anonymous_34)
FN:373,(anonymous_35)
FN:386,(anonymous_36)
FN:399,(anonymous_37)
FN:402,(anonymous_38)
FN:413,(anonymous_39)
FN:431,(anonymous_40)
FN:461,(anonymous_41)
FN:473,(anonymous_42)
FN:484,(anonymous_43)
FN:497,(anonymous_44)
FN:502,(anonymous_45)
FN:513,(anonymous_46)
FN:528,(anonymous_47)
FN:537,(anonymous_48)
FNF:49
FNH:16
FNDA:21,(anonymous_0)
FNDA:6,(anonymous_1)
FNDA:6,(anonymous_2)
FNDA:2,(anonymous_3)
FNDA:4,(anonymous_4)
FNDA:1,(anonymous_5)
FNDA:0,(anonymous_6)
FNDA:0,(anonymous_7)
FNDA:0,(anonymous_8)
FNDA:0,(anonymous_9)
FNDA:0,(anonymous_10)
FNDA:0,(anonymous_11)
FNDA:0,(anonymous_12)
FNDA:0,(anonymous_13)
FNDA:4,(anonymous_14)
FNDA:2,(anonymous_15)
FNDA:1,(anonymous_16)
FNDA:1,(anonymous_17)
FNDA:1,(anonymous_18)
FNDA:0,(anonymous_19)
FNDA:0,(anonymous_20)
FNDA:4,(anonymous_21)
FNDA:63,(anonymous_22)
FNDA:0,(anonymous_23)
FNDA:0,(anonymous_24)
FNDA:126,(anonymous_25)
FNDA:42,(anonymous_26)
FNDA:0,(anonymous_27)
FNDA:0,(anonymous_28)
FNDA:0,(anonymous_29)
FNDA:0,(anonymous_30)
FNDA:0,(anonymous_31)
FNDA:4,(anonymous_32)
FNDA:0,(anonymous_33)
FNDA:0,(anonymous_34)
FNDA:0,(anonymous_35)
FNDA:0,(anonymous_36)
FNDA:0,(anonymous_37)
FNDA:0,(anonymous_38)
FNDA:0,(anonymous_39)
FNDA:0,(anonymous_40)
FNDA:0,(anonymous_41)
FNDA:0,(anonymous_42)
FNDA:0,(anonymous_43)
FNDA:0,(anonymous_44)
FNDA:0,(anonymous_45)
FNDA:0,(anonymous_46)
FNDA:0,(anonymous_47)
FNDA:0,(anonymous_48)
DA:6,3
DA:7,21
DA:8,21
DA:9,6
DA:11,21
DA:12,21
DA:13,21
DA:14,21
DA:15,21
DA:16,21
DA:17,21
DA:22,21
DA:25,21
DA:26,6
DA:28,6
DA:29,2
DA:32,2
DA:33,2
DA:36,4
DA:41,4
DA:42,4
DA:46,6
DA:48,6
DA:49,4
DA:54,21
DA:55,1
DA:56,1
DA:57,1
DA:61,21
DA:62,0
DA:63,0
DA:64,0
DA:65,0
DA:66,0
DA:67,0
DA:72,21
DA:73,0
DA:74,0
DA:78,21
DA:79,0
DA:80,0
DA:81,0
DA:83,0
DA:84,0
DA:89,0
DA:90,0
DA:94,21
DA:95,0
DA:99,21
DA:100,0
DA:104,21
DA:105,0
DA:107,0
DA:108,0
DA:110,0
DA:111,0
DA:113,0
DA:114,0
DA:115,0
DA:118,0
DA:121,0
DA:125,21
DA:126,4
DA:127,4
DA:130,3
DA:131,1
DA:136,1
DA:140,2
DA:141,2
DA:143,2
DA:145,2
DA:146,1
DA:151,1
DA:155,1
DA:156,1
DA:165,1
DA:166,1
DA:167,1
DA:169,1
DA:170,1
DA:171,1
DA:172,1
DA:176,1
DA:177,1
DA:178,1
DA:179,1
DA:182,1
DA:190,21
DA:191,0
DA:192,0
DA:194,0
DA:195,0
DA:199,21
DA:214,4
DA:215,4
DA:229,63
DA:232,0
DA:233,0
DA:237,126
DA:239,42
DA:243,0
DA:244,0
DA:247,0
DA:259,0
DA:260,0
DA:293,0
DA:308,4
DA:324,0
DA:360,0
DA:374,0
DA:387,0
DA:399,0
DA:403,0
DA:414,0
DA:420,0
DA:421,0
DA:423,0
DA:424,0
DA:431,0
DA:461,0
DA:474,0
DA:485,0
DA:498,0
DA:503,0
DA:514,0
DA:529,0
DA:530,0
DA:537,0
LF:128
LH:68
BRDA:9,0,0,6
BRDA:9,0,1,6
BRDA:26,1,0,6
BRDA:26,1,1,4
BRDA:28,2,0,2
BRDA:28,2,1,4
BRDA:32,3,0,2
BRDA:32,3,1,0
BRDA:46,4,0,6
BRDA:46,4,1,6
BRDA:62,5,0,0
BRDA:62,5,1,0
BRDA:64,6,0,0
BRDA:64,6,1,0
BRDA:64,7,0,0
BRDA:64,7,1,0
BRDA:81,8,0,0
BRDA:81,8,1,0
BRDA:81,9,0,0
BRDA:81,9,1,0
BRDA:84,10,0,0
BRDA:84,10,1,0
BRDA:84,11,0,0
BRDA:84,11,1,0
BRDA:105,12,0,0
BRDA:105,12,1,0
BRDA:113,13,0,0
BRDA:113,13,1,0
BRDA:113,14,0,0
BRDA:113,14,1,0
BRDA:115,15,0,0
BRDA:115,15,1,0
BRDA:130,16,0,1
BRDA:130,16,1,2
BRDA:141,17,0,2
BRDA:141,17,1,2
BRDA:141,17,2,2
BRDA:141,17,3,1
BRDA:145,18,0,1
BRDA:145,18,1,1
BRDA:167,19,0,1
BRDA:167,19,1,1
BRDA:169,20,0,1
BRDA:169,20,1,0
BRDA:192,21,0,0
BRDA:192,21,1,0
BRDA:271,22,0,21
BRDA:271,22,1,8
BRDA:338,23,0,21
BRDA:338,23,1,0
BRDA:444,24,0,21
BRDA:444,24,1,0
BRF:52
BRH:24
end_of_record
TN:
SF:src\components\TaskManager\TaskObserver.js
FN:3,(anonymous_0)
FN:7,(anonymous_1)
FN:11,(anonymous_2)
FN:12,(anonymous_3)
FNF:4
FNH:4
FNDA:3,(anonymous_0)
FNDA:6,(anonymous_1)
FNDA:1,(anonymous_2)
FNDA:4,(anonymous_3)
DA:4,3
DA:8,6
DA:12,4
DA:16,3
LF:4
LH:4
BRF:0
BRH:0
end_of_record
